{
  "RSpec": {
    "coverage": {
      "/Users/simonyi/Projects/SP_Tech_Test/spec/parser_spec.rb": [
        null,
        null,
        1,
        null,
        1,
        1,
        3,
        null,
        null,
        1,
        1,
        1,
        1,
        1,
        1,
        null,
        null,
        1,
        1,
        1,
        1,
        1,
        null,
        null,
        1,
        1,
        1,
        1,
        1,
        null,
        null,
        null
      ],
      "/Users/simonyi/Projects/SP_Tech_Test/lib/parser.rb": [
        null,
        null,
        null,
        1,
        1,
        3,
        null,
        null,
        1,
        3,
        3,
        4,
        4,
        null,
        null,
        3,
        null,
        null
      ]
    },
    "timestamp": 1562147691
  }
}
