{
  "RSpec": {
    "coverage": {
      "/Users/simonyi/Projects/SP_Tech_Test/spec/parser_spec.rb": [
        null,
        null,
        1,
        null,
        1,
        1,
        10,
        null,
        null,
        1,
        1,
        1,
        1,
        1,
        1,
        1,
        null,
        null,
        1,
        1,
        1,
        1,
        1,
        null,
        null,
        1,
        1,
        1,
        1,
        1,
        null,
        null,
        null,
        1,
        1,
        1,
        1,
        2,
        null,
        null,
        null,
        null,
        1,
        1,
        1,
        1,
        1,
        2,
        null,
        null,
        null,
        null,
        1,
        1,
        1,
        1,
        1,
        1,
        1,
        null,
        null,
        null,
        1,
        1,
        1,
        null,
        1,
        1,
        1,
        null,
        null,
        null,
        null,
        null,
        1,
        1,
        1,
        1,
        1,
        1,
        1,
        null,
        null,
        null,
        1,
        1,
        1,
        null,
        1,
        1,
        1,
        null,
        null,
        null,
        null,
        1,
        1,
        1,
        null,
        1,
        1,
        1,
        null,
        null,
        null,
        null,
        null,
        null
      ],
      "/Users/simonyi/Projects/SP_Tech_Test/lib/parser.rb": [
        null,
        null,
        null,
        1,
        1,
        10,
        10,
        10,
        null,
        null,
        1,
        10,
        9,
        9,
        25,
        25,
        null,
        null,
        9,
        8,
        null,
        null,
        1,
        null,
        2,
        5,
        null,
        null,
        1,
        3,
        10,
        10,
        null,
        null,
        1,
        null,
        1,
        10,
        null,
        null,
        1,
        9,
        null,
        null
      ],
      "/Users/simonyi/Projects/SP_Tech_Test/spec/printer_spec.rb": [
        null,
        null,
        1,
        null,
        1,
        1,
        1,
        1,
        2,
        null,
        null,
        null,
        1,
        1,
        2,
        null,
        null,
        null,
        1,
        1,
        null,
        2,
        null,
        null,
        null,
        null,
        null
      ],
      "/Users/simonyi/Projects/SP_Tech_Test/lib/printer.rb": [
        null,
        null,
        null,
        1,
        1,
        3,
        3,
        4,
        null,
        null,
        null
      ]
    },
    "timestamp": 1562151474
  }
}
